c:\users\jerem\source\repos\rngdll\rngdll\debug\rngdll.pch
c:\users\jerem\source\repos\rngdll\rngdll\debug\vc142.pdb
c:\users\jerem\source\repos\rngdll\rngdll\debug\pch.obj
c:\users\jerem\source\repos\rngdll\rngdll\debug\dllmain.obj
c:\users\jerem\source\repos\rngdll\rngdll\debug\.netframework,version=v4.0.assemblyattributes.obj
c:\users\jerem\source\repos\rngdll\debug\rngdll.dll
c:\users\jerem\source\repos\rngdll\debug\rngdll.pdb
c:\users\jerem\source\repos\rngdll\rngdll\debug\rngdll.tlog\metagen.write.1.tlog
c:\users\jerem\source\repos\rngdll\debug\oracle.manageddataaccess.dll
c:\users\jerem\source\repos\rngdll\debug\rngdll.lib
c:\users\jerem\source\repos\rngdll\debug\rngdll.exp
c:\users\jerem\source\repos\rngdll\rngdll\debug\rngdll.tlog\cl.command.1.tlog
c:\users\jerem\source\repos\rngdll\rngdll\debug\rngdll.tlog\cl.read.1.tlog
c:\users\jerem\source\repos\rngdll\rngdll\debug\rngdll.tlog\cl.write.1.tlog
c:\users\jerem\source\repos\rngdll\rngdll\debug\rngdll.tlog\link.command.1.tlog
c:\users\jerem\source\repos\rngdll\rngdll\debug\rngdll.tlog\link.read.1.tlog
c:\users\jerem\source\repos\rngdll\rngdll\debug\rngdll.tlog\link.write.1.tlog
c:\users\jerem\source\repos\rngdll\rngdll\debug\rngdll.tlog\metagen.read.1.tlog
c:\users\jerem\source\repos\rngdll\rngdll\debug\rngdll.tlog\rngdll.read.1u.tlog
c:\users\jerem\source\repos\rngdll\rngdll\debug\rngdll.tlog\rngdll.write.1u.tlog
c:\users\jerem\source\repos\rngdll\rngdll\debug\rngdll.tlog\oracle.manageddataaccess.dll.metagen
